--------------- Build Started: 10/25/2016 10:32:00 Project: BLE Lab 4, Configuration: ARM GCC 4.9-2015-q1-update Debug ---------------
cydsfit.exe -.appdatapath "C:\Users\Ecapable\AppData\Local\Cypress Semiconductor\PSoC Creator\3.3" -.fdsnotice -.fdswarpdepfile=warp_dependencies.txt -.fdselabdepfile=elab_dependencies.txt -.fdsbldfile=generated_files.txt -p "C:\Users\Ecapable\Desktop\BLE Lab 4\BLE Lab 4.cydsn\BLE Lab 4.cyprj" -d CY8C4247LQI-BL483 -s "C:\Users\Ecapable\Desktop\BLE Lab 4\BLE Lab 4.cydsn\Generated_Source\PSoC4" -- -yv2 -q10 -ygs -o2 -v3 -.fftcfgtype=LE
Elaborating Design...
HDL Generation ...
Synthesis ...
Place and Route ...
Tech mapping ...
Analog Placement ...
Analog Routing ...
Analog Code Generation ...
Digital Placement ...
Digital Routing ...
Bitstream Generation ...
Static timing analysis ...
API Generation ...
Dependency Generation ...
Clean Temporary Files ...
arm-none-eabi-gcc.exe -mcpu=cortex-m0 -mthumb -Wno-main -I. -IGenerated_Source\PSoC4 -Wa,-alh=.\CortexM0\ARM_GCC_493\Debug/main.lst -g -D DEBUG -Wall -ffunction-sections -O0 -ffat-lto-objects -c .\main.c -o .\CortexM0\ARM_GCC_493\Debug\main.o
arm-none-eabi-gcc.exe -mcpu=cortex-m0 -mthumb -Wno-main -I. -IGenerated_Source\PSoC4 -Wa,-alh=.\CortexM0\ARM_GCC_493\Debug/BLEApplications.lst -g -D DEBUG -Wall -ffunction-sections -O0 -ffat-lto-objects -c .\BLEApplications.c -o .\CortexM0\ARM_GCC_493\Debug\BLEApplications.o
arm-none-eabi-gcc.exe -mcpu=cortex-m0 -mthumb -Wno-main -I. -IGenerated_Source\PSoC4 -Wa,-alh=.\CortexM0\ARM_GCC_493\Debug/cyfitter_cfg.lst -g -D DEBUG -Wall -ffunction-sections -O0 -ffat-lto-objects -c .\Generated_Source\PSoC4\cyfitter_cfg.c -o .\CortexM0\ARM_GCC_493\Debug\cyfitter_cfg.o
arm-none-eabi-gcc.exe -mcpu=cortex-m0 -mthumb -Wno-main -I. -IGenerated_Source\PSoC4 -Wa,-alh=.\CortexM0\ARM_GCC_493\Debug/cymetadata.lst -g -D DEBUG -Wall -ffunction-sections -O0 -ffat-lto-objects -c .\Generated_Source\PSoC4\cymetadata.c -o .\CortexM0\ARM_GCC_493\Debug\cymetadata.o
arm-none-eabi-gcc.exe -mcpu=cortex-m0 -mthumb -Wno-main -I. -IGenerated_Source\PSoC4 -Wa,-alh=.\CortexM0\ARM_GCC_493\Debug/GREEN.lst -g -D DEBUG -Wall -ffunction-sections -O0 -ffat-lto-objects -c .\Generated_Source\PSoC4\GREEN.c -o .\CortexM0\ARM_GCC_493\Debug\GREEN.o
arm-none-eabi-gcc.exe -mcpu=cortex-m0 -mthumb -Wno-main -I. -IGenerated_Source\PSoC4 -Wa,-alh=.\CortexM0\ARM_GCC_493\Debug/GREEN_PM.lst -g -D DEBUG -Wall -ffunction-sections -O0 -ffat-lto-objects -c .\Generated_Source\PSoC4\GREEN_PM.c -o .\CortexM0\ARM_GCC_493\Debug\GREEN_PM.o
arm-none-eabi-gcc.exe -mcpu=cortex-m0 -mthumb -Wno-main -I. -IGenerated_Source\PSoC4 -Wa,-alh=.\CortexM0\ARM_GCC_493\Debug/RED.lst -g -D DEBUG -Wall -ffunction-sections -O0 -ffat-lto-objects -c .\Generated_Source\PSoC4\RED.c -o .\CortexM0\ARM_GCC_493\Debug\RED.o
arm-none-eabi-gcc.exe -mcpu=cortex-m0 -mthumb -Wno-main -I. -IGenerated_Source\PSoC4 -Wa,-alh=.\CortexM0\ARM_GCC_493\Debug/RED_PM.lst -g -D DEBUG -Wall -ffunction-sections -O0 -ffat-lto-objects -c .\Generated_Source\PSoC4\RED_PM.c -o .\CortexM0\ARM_GCC_493\Debug\RED_PM.o
arm-none-eabi-gcc.exe -mcpu=cortex-m0 -mthumb -Wno-main -I. -IGenerated_Source\PSoC4 -Wa,-alh=.\CortexM0\ARM_GCC_493\Debug/PRS_Clock.lst -g -D DEBUG -Wall -ffunction-sections -O0 -ffat-lto-objects -c .\Generated_Source\PSoC4\PRS_Clock.c -o .\CortexM0\ARM_GCC_493\Debug\PRS_Clock.o
arm-none-eabi-gcc.exe -mcpu=cortex-m0 -mthumb -Wno-main -I. -IGenerated_Source\PSoC4 -Wa,-alh=.\CortexM0\ARM_GCC_493\Debug/PRS_2.lst -g -D DEBUG -Wall -ffunction-sections -O0 -ffat-lto-objects -c .\Generated_Source\PSoC4\PRS_2.c -o .\CortexM0\ARM_GCC_493\Debug\PRS_2.o
arm-none-eabi-gcc.exe -mcpu=cortex-m0 -mthumb -Wno-main -I. -IGenerated_Source\PSoC4 -Wa,-alh=.\CortexM0\ARM_GCC_493\Debug/PRS_2_PM.lst -g -D DEBUG -Wall -ffunction-sections -O0 -ffat-lto-objects -c .\Generated_Source\PSoC4\PRS_2_PM.c -o .\CortexM0\ARM_GCC_493\Debug\PRS_2_PM.o
arm-none-eabi-gcc.exe -mcpu=cortex-m0 -mthumb -Wno-main -I. -IGenerated_Source\PSoC4 -Wa,-alh=.\CortexM0\ARM_GCC_493\Debug/PRS_1.lst -g -D DEBUG -Wall -ffunction-sections -O0 -ffat-lto-objects -c .\Generated_Source\PSoC4\PRS_1.c -o .\CortexM0\ARM_GCC_493\Debug\PRS_1.o
arm-none-eabi-gcc.exe -mcpu=cortex-m0 -mthumb -Wno-main -I. -IGenerated_Source\PSoC4 -Wa,-alh=.\CortexM0\ARM_GCC_493\Debug/PRS_1_PM.lst -g -D DEBUG -Wall -ffunction-sections -O0 -ffat-lto-objects -c .\Generated_Source\PSoC4\PRS_1_PM.c -o .\CortexM0\ARM_GCC_493\Debug\PRS_1_PM.o
arm-none-eabi-gcc.exe -mcpu=cortex-m0 -mthumb -Wno-main -I. -IGenerated_Source\PSoC4 -Wa,-alh=.\CortexM0\ARM_GCC_493\Debug/BLUE.lst -g -D DEBUG -Wall -ffunction-sections -O0 -ffat-lto-objects -c .\Generated_Source\PSoC4\BLUE.c -o .\CortexM0\ARM_GCC_493\Debug\BLUE.o
arm-none-eabi-gcc.exe -mcpu=cortex-m0 -mthumb -Wno-main -I. -IGenerated_Source\PSoC4 -Wa,-alh=.\CortexM0\ARM_GCC_493\Debug/BLUE_PM.lst -g -D DEBUG -Wall -ffunction-sections -O0 -ffat-lto-objects -c .\Generated_Source\PSoC4\BLUE_PM.c -o .\CortexM0\ARM_GCC_493\Debug\BLUE_PM.o
arm-none-eabi-gcc.exe -mcpu=cortex-m0 -mthumb -Wno-main -I. -IGenerated_Source\PSoC4 -Wa,-alh=.\CortexM0\ARM_GCC_493\Debug/BLE_1.lst -g -D DEBUG -Wall -ffunction-sections -O0 -ffat-lto-objects -c .\Generated_Source\PSoC4\BLE_1.c -o .\CortexM0\ARM_GCC_493\Debug\BLE_1.o
arm-none-eabi-gcc.exe -mcpu=cortex-m0 -mthumb -Wno-main -I. -IGenerated_Source\PSoC4 -Wa,-alh=.\CortexM0\ARM_GCC_493\Debug/BLE_1_gatt.lst -g -D DEBUG -Wall -ffunction-sections -O0 -ffat-lto-objects -c .\Generated_Source\PSoC4\BLE_1_gatt.c -o .\CortexM0\ARM_GCC_493\Debug\BLE_1_gatt.o
arm-none-eabi-gcc.exe -mcpu=cortex-m0 -mthumb -Wno-main -I. -IGenerated_Source\PSoC4 -Wa,-alh=.\CortexM0\ARM_GCC_493\Debug/BLE_1_eventHandler.lst -g -D DEBUG -Wall -ffunction-sections -O0 -ffat-lto-objects -c .\Generated_Source\PSoC4\BLE_1_eventHandler.c -o .\CortexM0\ARM_GCC_493\Debug\BLE_1_eventHandler.o
arm-none-eabi-gcc.exe -mcpu=cortex-m0 -mthumb -Wno-main -I. -IGenerated_Source\PSoC4 -Wa,-alh=.\CortexM0\ARM_GCC_493\Debug/BLE_1_HAL_INT.lst -g -D DEBUG -Wall -ffunction-sections -O0 -ffat-lto-objects -c .\Generated_Source\PSoC4\BLE_1_HAL_INT.c -o .\CortexM0\ARM_GCC_493\Debug\BLE_1_HAL_INT.o
arm-none-eabi-gcc.exe -mcpu=cortex-m0 -mthumb -Wno-main -I. -IGenerated_Source\PSoC4 -Wa,-alh=.\CortexM0\ARM_GCC_493\Debug/BLE_1_HAL_PVT.lst -g -D DEBUG -Wall -ffunction-sections -O0 -ffat-lto-objects -c .\Generated_Source\PSoC4\BLE_1_HAL_PVT.c -o .\CortexM0\ARM_GCC_493\Debug\BLE_1_HAL_PVT.o
arm-none-eabi-gcc.exe -mcpu=cortex-m0 -mthumb -Wno-main -I. -IGenerated_Source\PSoC4 -Wa,-alh=.\CortexM0\ARM_GCC_493\Debug/BLE_1_custom.lst -g -D DEBUG -Wall -ffunction-sections -O0 -ffat-lto-objects -c .\Generated_Source\PSoC4\BLE_1_custom.c -o .\CortexM0\ARM_GCC_493\Debug\BLE_1_custom.o
arm-none-eabi-gcc.exe -mcpu=cortex-m0 -mthumb -Wno-main -I. -IGenerated_Source\PSoC4 -Wa,-alh=.\CortexM0\ARM_GCC_493\Debug/CapSense.lst -g -D DEBUG -Wall -ffunction-sections -O0 -ffat-lto-objects -c .\Generated_Source\PSoC4\CapSense.c -o .\CortexM0\ARM_GCC_493\Debug\CapSense.o
arm-none-eabi-gcc.exe -mcpu=cortex-m0 -mthumb -Wno-main -I. -IGenerated_Source\PSoC4 -Wa,-alh=.\CortexM0\ARM_GCC_493\Debug/CapSense_PM.lst -g -D DEBUG -Wall -ffunction-sections -O0 -ffat-lto-objects -c .\Generated_Source\PSoC4\CapSense_PM.c -o .\CortexM0\ARM_GCC_493\Debug\CapSense_PM.o
arm-none-eabi-gcc.exe -mcpu=cortex-m0 -mthumb -Wno-main -I. -IGenerated_Source\PSoC4 -Wa,-alh=.\CortexM0\ARM_GCC_493\Debug/CapSense_CSHL.lst -g -D DEBUG -Wall -ffunction-sections -O0 -ffat-lto-objects -c .\Generated_Source\PSoC4\CapSense_CSHL.c -o .\CortexM0\ARM_GCC_493\Debug\CapSense_CSHL.o
arm-none-eabi-gcc.exe -mcpu=cortex-m0 -mthumb -Wno-main -I. -IGenerated_Source\PSoC4 -Wa,-alh=.\CortexM0\ARM_GCC_493\Debug/CapSense_INT.lst -g -D DEBUG -Wall -ffunction-sections -O0 -ffat-lto-objects -c .\Generated_Source\PSoC4\CapSense_INT.c -o .\CortexM0\ARM_GCC_493\Debug\CapSense_INT.o
arm-none-eabi-gcc.exe -mcpu=cortex-m0 -mthumb -Wno-main -I. -IGenerated_Source\PSoC4 -Wa,-alh=.\CortexM0\ARM_GCC_493\Debug/CapSense_TunerHelper.lst -g -D DEBUG -Wall -ffunction-sections -O0 -ffat-lto-objects -c .\Generated_Source\PSoC4\CapSense_TunerHelper.c -o .\CortexM0\ARM_GCC_493\Debug\CapSense_TunerHelper.o
arm-none-eabi-gcc.exe -mcpu=cortex-m0 -mthumb -Wno-main -I. -IGenerated_Source\PSoC4 -Wa,-alh=.\CortexM0\ARM_GCC_493\Debug/CapSense_SMS.lst -g -D DEBUG -Wall -ffunction-sections -O0 -ffat-lto-objects -c .\Generated_Source\PSoC4\CapSense_SMS.c -o .\CortexM0\ARM_GCC_493\Debug\CapSense_SMS.o
arm-none-eabi-gcc.exe -mcpu=cortex-m0 -mthumb -Wno-main -I. -IGenerated_Source\PSoC4 -Wa,-alh=.\CortexM0\ARM_GCC_493\Debug/BLE_1_bless_isr.lst -g -D DEBUG -Wall -ffunction-sections -O0 -ffat-lto-objects -c .\Generated_Source\PSoC4\BLE_1_bless_isr.c -o .\CortexM0\ARM_GCC_493\Debug\BLE_1_bless_isr.o
arm-none-eabi-gcc.exe -mcpu=cortex-m0 -mthumb -Wno-main -I. -IGenerated_Source\PSoC4 -Wa,-alh=.\CortexM0\ARM_GCC_493\Debug/CapSense_SampleClk.lst -g -D DEBUG -Wall -ffunction-sections -O0 -ffat-lto-objects -c .\Generated_Source\PSoC4\CapSense_SampleClk.c -o .\CortexM0\ARM_GCC_493\Debug\CapSense_SampleClk.o
arm-none-eabi-gcc.exe -mcpu=cortex-m0 -mthumb -Wno-main -I. -IGenerated_Source\PSoC4 -Wa,-alh=.\CortexM0\ARM_GCC_493\Debug/CapSense_SenseClk.lst -g -D DEBUG -Wall -ffunction-sections -O0 -ffat-lto-objects -c .\Generated_Source\PSoC4\CapSense_SenseClk.c -o .\CortexM0\ARM_GCC_493\Debug\CapSense_SenseClk.o
arm-none-eabi-gcc.exe -mcpu=cortex-m0 -mthumb -Wno-main -I. -IGenerated_Source\PSoC4 -Wa,-alh=.\CortexM0\ARM_GCC_493\Debug/Cm0Start.lst -g -D DEBUG -Wall -ffunction-sections -O0 -ffat-lto-objects -c .\Generated_Source\PSoC4\Cm0Start.c -o .\CortexM0\ARM_GCC_493\Debug\Cm0Start.o
arm-none-eabi-as.exe -mcpu=cortex-m0 -mthumb -I. -IGenerated_Source\PSoC4 -alh=.\CortexM0\ARM_GCC_493\Debug/CyBootAsmGnu.lst -g -W -o .\CortexM0\ARM_GCC_493\Debug\CyBootAsmGnu.o .\Generated_Source\PSoC4\CyBootAsmGnu.s
arm-none-eabi-gcc.exe -mcpu=cortex-m0 -mthumb -Wno-main -I. -IGenerated_Source\PSoC4 -Wa,-alh=.\CortexM0\ARM_GCC_493\Debug/CyFlash.lst -g -D DEBUG -Wall -ffunction-sections -O0 -ffat-lto-objects -c .\Generated_Source\PSoC4\CyFlash.c -o .\CortexM0\ARM_GCC_493\Debug\CyFlash.o
arm-none-eabi-gcc.exe -mcpu=cortex-m0 -mthumb -Wno-main -I. -IGenerated_Source\PSoC4 -Wa,-alh=.\CortexM0\ARM_GCC_493\Debug/CyLib.lst -g -D DEBUG -Wall -ffunction-sections -O0 -ffat-lto-objects -c .\Generated_Source\PSoC4\CyLib.c -o .\CortexM0\ARM_GCC_493\Debug\CyLib.o
arm-none-eabi-gcc.exe -mcpu=cortex-m0 -mthumb -Wno-main -I. -IGenerated_Source\PSoC4 -Wa,-alh=.\CortexM0\ARM_GCC_493\Debug/cyPm.lst -g -D DEBUG -Wall -ffunction-sections -O0 -ffat-lto-objects -c .\Generated_Source\PSoC4\cyPm.c -o .\CortexM0\ARM_GCC_493\Debug\cyPm.o
arm-none-eabi-gcc.exe -mcpu=cortex-m0 -mthumb -Wno-main -I. -IGenerated_Source\PSoC4 -Wa,-alh=.\CortexM0\ARM_GCC_493\Debug/cyutils.lst -g -D DEBUG -Wall -ffunction-sections -O0 -ffat-lto-objects -c .\Generated_Source\PSoC4\cyutils.c -o .\CortexM0\ARM_GCC_493\Debug\cyutils.o
arm-none-eabi-gcc.exe -mcpu=cortex-m0 -mthumb -Wno-main -I. -IGenerated_Source\PSoC4 -Wa,-alh=.\CortexM0\ARM_GCC_493\Debug/CyLFClk.lst -g -D DEBUG -Wall -ffunction-sections -O0 -ffat-lto-objects -c .\Generated_Source\PSoC4\CyLFClk.c -o .\CortexM0\ARM_GCC_493\Debug\CyLFClk.o
arm-none-eabi-ar.exe -rs ".\CortexM0\ARM_GCC_493\Debug\BLE Lab 4.a" .\CortexM0\ARM_GCC_493\Debug\cyfitter_cfg.o .\CortexM0\ARM_GCC_493\Debug\GREEN.o .\CortexM0\ARM_GCC_493\Debug\GREEN_PM.o .\CortexM0\ARM_GCC_493\Debug\RED.o .\CortexM0\ARM_GCC_493\Debug\RED_PM.o .\CortexM0\ARM_GCC_493\Debug\PRS_Clock.o .\CortexM0\ARM_GCC_493\Debug\PRS_2.o .\CortexM0\ARM_GCC_493\Debug\PRS_2_PM.o .\CortexM0\ARM_GCC_493\Debug\PRS_1.o .\CortexM0\ARM_GCC_493\Debug\PRS_1_PM.o .\CortexM0\ARM_GCC_493\Debug\BLUE.o .\CortexM0\ARM_GCC_493\Debug\BLUE_PM.o .\CortexM0\ARM_GCC_493\Debug\BLE_1.o .\CortexM0\ARM_GCC_493\Debug\BLE_1_gatt.o .\CortexM0\ARM_GCC_493\Debug\BLE_1_eventHandler.o .\CortexM0\ARM_GCC_493\Debug\BLE_1_HAL_INT.o .\CortexM0\ARM_GCC_493\Debug\BLE_1_HAL_PVT.o .\CortexM0\ARM_GCC_493\Debug\BLE_1_custom.o .\CortexM0\ARM_GCC_493\Debug\CapSense.o .\CortexM0\ARM_GCC_493\Debug\CapSense_PM.o .\CortexM0\ARM_GCC_493\Debug\CapSense_CSHL.o .\CortexM0\ARM_GCC_493\Debug\CapSense_INT.o .\CortexM0\ARM_GCC_493\Debug\CapSense_TunerHelper.o .\CortexM0\ARM_GCC_493\Debug\CapSense_SMS.o .\CortexM0\ARM_GCC_493\Debug\BLE_1_bless_isr.o .\CortexM0\ARM_GCC_493\Debug\CapSense_SampleClk.o .\CortexM0\ARM_GCC_493\Debug\CapSense_SenseClk.o .\CortexM0\ARM_GCC_493\Debug\CyBootAsmGnu.o .\CortexM0\ARM_GCC_493\Debug\CyFlash.o .\CortexM0\ARM_GCC_493\Debug\CyLib.o .\CortexM0\ARM_GCC_493\Debug\cyPm.o .\CortexM0\ARM_GCC_493\Debug\cyutils.o .\CortexM0\ARM_GCC_493\Debug\CyLFClk.o
arm-none-eabi-ar.exe: creating .\CortexM0\ARM_GCC_493\Debug\BLE Lab 4.a
arm-none-eabi-gcc.exe -Wl,--start-group -o ".\CortexM0\ARM_GCC_493\Debug\BLE Lab 4.elf" .\CortexM0\ARM_GCC_493\Debug\main.o .\CortexM0\ARM_GCC_493\Debug\BLEApplications.o .\CortexM0\ARM_GCC_493\Debug\cymetadata.o .\CortexM0\ARM_GCC_493\Debug\Cm0Start.o ".\CortexM0\ARM_GCC_493\Debug\BLE Lab 4.a" "C:\Program Files (x86)\Cypress\PSoC Creator\3.3\PSoC Creator\psoc\content\cycomponentlibrary\CyComponentLibrary.cylib\BLE_v3_10\Library\gccCyBLEStack_BLE_SOC_PERIPHERAL.a" "C:\Program Files (x86)\Cypress\PSoC Creator\3.3\PSoC Creator\psoc\content\cycomponentlibrary\CyComponentLibrary.cylib\CapSense_CSD_P4_v2_40\PSoC4\Library\CapsenseP4Library_GCC.a" "C:\Program Files (x86)\Cypress\PSoC Creator\3.3\PSoC Creator\psoc\content\cycomponentlibrary\CyComponentLibrary.cylib\CortexM0\ARM_GCC_493\Debug\CyComponentLibrary.a" -mcpu=cortex-m0 -mthumb -g -ffunction-sections -O0 -ffat-lto-objects -L Generated_Source\PSoC4 "-Wl,-Map,.\CortexM0\ARM_GCC_493\Debug/BLE Lab 4.map" -T Generated_Source\PSoC4\cm0gcc.ld -specs=nano.specs -Wl,--gc-sections -Wl,--end-group
cyelftool.exe -C "C:\Users\Ecapable\Desktop\BLE Lab 4\BLE Lab 4.cydsn\CortexM0\ARM_GCC_493\Debug\BLE Lab 4.elf" --flash_row_size 128 --flash_size 131072
cyelftool.exe -S "C:\Users\Ecapable\Desktop\BLE Lab 4\BLE Lab 4.cydsn\CortexM0\ARM_GCC_493\Debug\BLE Lab 4.elf"
Flash used: 87040 of 131072 bytes (66.4 %).
SRAM used: 10904 of 16384 bytes (66.6 %). Stack: 2048 bytes. Heap: 128 bytes.
--------------- Build Succeeded: 10/25/2016 10:32:40 ---------------
